TN:
SF:script/MigrationDeployment.s.sol
DA:27,0
FN:27,DeployScript.run
FNDA:0,DeployScript.run
DA:29,0
DA:30,0
DA:32,0
DA:34,0
DA:35,0
DA:36,0
DA:37,0
DA:40,0
DA:41,0
DA:42,0
DA:44,0
DA:45,0
DA:48,0
DA:52,0
DA:53,0
DA:54,0
BRDA:54,0,0,-
BRDA:54,0,1,-
DA:57,0
DA:58,0
DA:60,0
DA:61,0
DA:62,0
BRDA:62,1,0,-
BRDA:62,1,1,-
DA:65,0
DA:66,0
BRDA:66,2,0,-
BRDA:66,2,1,-
DA:68,0
DA:71,0
DA:72,0
DA:73,0
DA:74,0
DA:75,0
DA:76,0
FNF:1
FNH:0
LF:31
LH:0
BRF:6
BRH:0
end_of_record
TN:
SF:script/libraries/SaltMath.sol
DA:17,0
FN:17,SaltMath.guardSalt
FNDA:0,SaltMath.guardSalt
DA:22,0
DA:23,0
DA:26,0
DA:27,0
DA:35,0
FN:35,SaltMath.extractGuard
FNDA:0,SaltMath.extractGuard
DA:36,0
DA:46,0
FN:46,SaltMath.getCreateXGuardedSalt
FNDA:0,SaltMath.getCreateXGuardedSalt
DA:47,0
FNF:3
FNH:0
LF:9
LH:0
BRF:0
BRH:0
end_of_record
TN:
SF:script/testnet/BridgeTokens.s.sol
DA:59,0
FN:59,BridgeTokens.setUp
FNDA:0,BridgeTokens.setUp
DA:60,0
DA:70,0
DA:77,0
DA:88,0
FN:88,BridgeTokens.run
FNDA:0,BridgeTokens.run
DA:89,0
DA:90,0
DA:93,0
DA:94,0
DA:96,0
BRDA:96,0,0,-
BRDA:96,0,1,-
DA:97,0
BRDA:97,1,0,-
BRDA:97,1,1,-
DA:99,0
DA:100,0
DA:101,0
DA:102,0
DA:103,0
DA:104,0
DA:105,0
DA:106,0
DA:107,0
DA:109,0
DA:110,0
DA:113,0
DA:115,0
DA:116,0
DA:118,0
DA:119,0
DA:120,0
DA:121,0
DA:123,0
BRDA:123,2,0,-
BRDA:123,2,1,-
DA:132,0
DA:140,0
DA:141,0
DA:142,0
DA:145,0
DA:147,0
DA:148,0
DA:149,0
DA:152,0
DA:153,0
DA:154,0
BRDA:154,3,0,-
BRDA:154,3,1,-
DA:155,0
DA:158,0
DA:160,0
DA:163,0
DA:164,0
DA:171,0
DA:174,0
DA:175,0
DA:177,0
DA:178,0
DA:180,0
DA:181,0
DA:182,0
DA:185,0
DA:187,0
DA:188,0
DA:190,0
DA:191,0
DA:192,0
DA:195,0
DA:196,0
DA:197,0
DA:198,0
DA:199,0
DA:200,0
DA:202,0
BRDA:202,4,0,-
BRDA:202,4,1,-
DA:203,0
DA:204,0
DA:205,0
DA:206,0
DA:208,0
FNF:2
FNH:0
LF:72
LH:0
BRF:10
BRH:0
end_of_record
TN:
SF:script/testnet/ConfigureAllBridges.s.sol
DA:94,0
FN:94,ConfigureAllBridges.setUp
FNDA:0,ConfigureAllBridges.setUp
DA:95,0
DA:110,0
DA:122,0
DA:138,0
FN:138,ConfigureAllBridges.run
FNDA:0,ConfigureAllBridges.run
DA:139,0
DA:141,0
DA:142,0
DA:143,0
DA:144,0
DA:147,0
DA:148,0
DA:149,0
BRDA:149,0,0,-
DA:151,0
DA:152,0
DA:154,0
DA:155,0
DA:156,0
DA:159,0
DA:160,0
DA:161,0
BRDA:161,1,0,-
BRDA:161,1,1,-
DA:163,0
DA:164,0
DA:166,0
DA:167,0
DA:168,0
DA:171,0
DA:172,0
DA:173,0
BRDA:173,2,0,-
BRDA:173,2,1,-
DA:175,0
DA:176,0
DA:178,0
DA:179,0
DA:180,0
DA:182,0
DA:186,0
DA:198,0
FN:198,ConfigureAllBridges._configureSendOnSource
FNDA:0,ConfigureAllBridges._configureSendOnSource
DA:203,0
DA:206,0
DA:207,0
BRDA:207,3,0,-
BRDA:207,3,1,-
DA:208,0
DA:209,0
DA:211,0
DA:215,0
DA:216,0
DA:219,0
DA:220,0
DA:222,0
DA:223,0
DA:225,0
BRDA:225,4,0,-
BRDA:225,4,1,-
DA:226,0
DA:228,0
DA:234,0
DA:240,0
DA:241,0
DA:243,0
DA:252,0
FN:252,ConfigureAllBridges._configureReceiveOnDestination
FNDA:0,ConfigureAllBridges._configureReceiveOnDestination
DA:257,0
DA:260,0
DA:261,0
BRDA:261,5,0,-
BRDA:261,5,1,-
DA:262,0
DA:263,0
DA:265,0
DA:270,0
DA:273,0
DA:275,0
DA:277,0
BRDA:277,6,0,-
BRDA:277,6,1,-
DA:278,0
DA:280,0
DA:286,0
DA:287,0
DA:289,0
DA:296,0
FN:296,ConfigureAllBridges._getSendLibrary
FNDA:0,ConfigureAllBridges._getSendLibrary
DA:301,0
DA:302,0
DA:308,0
FN:308,ConfigureAllBridges._getReceiveLibrary
FNDA:0,ConfigureAllBridges._getReceiveLibrary
DA:313,0
DA:319,0
FN:319,ConfigureAllBridges._buildUlnConfig
FNDA:0,ConfigureAllBridges._buildUlnConfig
DA:320,0
DA:321,0
DA:322,0
DA:324,0
DA:333,0
DA:339,0
FN:339,ConfigureAllBridges._buildExecutorConfig
FNDA:0,ConfigureAllBridges._buildExecutorConfig
DA:340,0
DA:345,0
FNF:8
FNH:0
LF:86
LH:0
BRF:13
BRH:0
end_of_record
TN:
SF:script/testnet/DeployAllToTestnet.s.sol
DA:97,0
FN:97,DeployAllToTestnet.setUp
FNDA:0,DeployAllToTestnet.setUp
DA:98,0
DA:102,0
DA:113,0
DA:130,0
FN:130,DeployAllToTestnet.run
FNDA:0,DeployAllToTestnet.run
DA:133,0
DA:134,0
DA:135,0
DA:137,0
DA:138,0
DA:140,0
DA:142,0
DA:145,0
DA:152,0
DA:156,0
DA:157,0
DA:159,0
DA:160,0
DA:162,0
DA:165,0
DA:166,0
BRDA:166,0,0,-
DA:167,0
DA:168,0
DA:171,0
BRDA:171,1,0,-
DA:172,0
DA:177,0
DA:185,0
FN:185,DeployAllToTestnet._deployAndConfigure
FNDA:0,DeployAllToTestnet._deployAndConfigure
DA:189,0
DA:190,0
BRDA:190,2,0,-
DA:191,0
DA:194,0
DA:195,0
DA:196,0
DA:200,0
DA:202,0
BRDA:202,3,0,-
DA:203,0
DA:205,0
BRDA:205,4,0,-
DA:206,0
DA:208,0
BRDA:208,5,0,-
DA:209,0
DA:211,0
BRDA:211,6,0,-
DA:212,0
DA:214,0
BRDA:214,7,0,-
DA:215,0
DA:220,0
BRDA:220,8,0,-
DA:221,0
DA:222,0
DA:223,0
DA:224,0
DA:232,0
FN:232,DeployAllToTestnet._deployLegacyTelcoin
FNDA:0,DeployAllToTestnet._deployLegacyTelcoin
DA:235,0
DA:236,0
DA:238,0
DA:241,0
FN:241,DeployAllToTestnet._deployTelcoinV3
FNDA:0,DeployAllToTestnet._deployTelcoinV3
DA:243,0
DA:248,0
DA:250,0
DA:252,0
BRDA:252,9,0,-
BRDA:252,9,1,-
DA:253,0
DA:255,0
DA:258,0
DA:261,0
FN:261,DeployAllToTestnet._deployTelcoinMigration
FNDA:0,DeployAllToTestnet._deployTelcoinMigration
DA:263,0
DA:270,0
DA:272,0
DA:274,0
BRDA:274,10,0,-
BRDA:274,10,1,-
DA:275,0
DA:277,0
DA:280,0
DA:283,0
FN:283,DeployAllToTestnet._deployTelcoinBridge
FNDA:0,DeployAllToTestnet._deployTelcoinBridge
DA:285,0
DA:291,0
DA:293,0
DA:295,0
BRDA:295,11,0,-
BRDA:295,11,1,-
DA:296,0
DA:298,0
DA:301,0
FNF:7
FNH:0
LF:77
LH:0
BRF:15
BRH:0
end_of_record
TN:
SF:script/testnet/MigrateTokens.s.sol
DA:42,0
FN:42,MigrateTokens.run
FNDA:0,MigrateTokens.run
DA:43,0
DA:46,0
DA:47,0
DA:48,0
DA:50,0
BRDA:50,0,0,-
BRDA:50,0,1,-
DA:51,0
BRDA:51,1,0,-
BRDA:51,1,1,-
DA:52,0
BRDA:52,2,0,-
BRDA:52,2,1,-
DA:54,0
DA:55,0
DA:56,0
DA:57,0
DA:58,0
DA:59,0
DA:60,0
DA:61,0
DA:63,0
DA:64,0
DA:65,0
DA:68,0
DA:70,0
DA:71,0
DA:73,0
DA:74,0
DA:75,0
DA:77,0
BRDA:77,3,0,-
BRDA:77,3,1,-
DA:80,0
DA:81,0
DA:82,0
DA:83,0
DA:86,0
DA:88,0
DA:91,0
DA:92,0
DA:95,0
DA:96,0
DA:98,0
DA:101,0
DA:102,0
DA:104,0
DA:105,0
DA:106,0
DA:108,0
DA:109,0
DA:110,0
DA:111,0
DA:114,0
DA:116,0
DA:117,0
DA:119,0
DA:120,0
DA:122,0
BRDA:122,4,0,-
BRDA:122,4,1,-
DA:123,0
DA:124,0
DA:126,0
DA:127,0
FNF:1
FNH:0
LF:56
LH:0
BRF:10
BRH:0
end_of_record
TN:
SF:script/utils/DeployUtility.sol
DA:23,0
FN:23,DeployUtility._setup
FNDA:0,DeployUtility._setup
DA:24,0
DA:28,0
FN:28,DeployUtility._loadPrivateKey
FNDA:0,DeployUtility._loadPrivateKey
DA:29,0
DA:30,0
DA:40,0
FN:40,DeployUtility._computeCreate2Address
FNDA:0,DeployUtility._computeCreate2Address
DA:42,0
DA:43,0
DA:51,0
FN:51,DeployUtility._computeCreate3Address
FNDA:0,DeployUtility._computeCreate3Address
DA:52,0
DA:53,0
DA:62,0
FN:62,DeployUtility._computeProxyAdminAddress
FNDA:0,DeployUtility._computeProxyAdminAddress
DA:63,0
DA:70,0
FN:70,DeployUtility._deployCreate2
FNDA:0,DeployUtility._deployCreate2
DA:72,0
DA:74,0
BRDA:74,0,0,-
BRDA:74,0,1,-
DA:77,0
DA:78,0
BRDA:78,1,0,-
DA:79,0
DA:80,0
DA:82,0
DA:86,0
DA:87,0
BRDA:87,2,0,-
BRDA:87,2,1,-
DA:89,0
DA:92,0
FN:92,DeployUtility._deployCreate3
FNDA:0,DeployUtility._deployCreate3
DA:94,0
DA:96,0
BRDA:96,3,0,-
BRDA:96,3,1,-
DA:99,0
DA:100,0
BRDA:100,4,0,-
DA:103,0
DA:104,0
BRDA:104,5,0,-
BRDA:104,5,1,-
DA:106,0
DA:110,0
FN:110,DeployUtility._isDeployed
FNDA:0,DeployUtility._isDeployed
DA:113,0
DA:114,0
BRDA:114,6,0,-
DA:129,0
FN:129,DeployUtility._saveDeploymentAddress
FNDA:0,DeployUtility._saveDeploymentAddress
DA:130,0
DA:131,0
DA:132,0
DA:133,0
DA:134,0
DA:136,0
BRDA:136,7,0,-
BRDA:136,7,1,-
DA:137,0
DA:138,0
DA:140,0
DA:143,0
DA:145,0
DA:146,0
BRDA:146,8,0,-
BRDA:146,8,1,-
DA:147,0
DA:148,0
DA:150,0
DA:151,0
DA:155,0
BRDA:155,9,0,-
DA:156,0
DA:159,0
DA:169,0
FN:169,DeployUtility._loadDeploymentAddress
FNDA:0,DeployUtility._loadDeploymentAddress
DA:170,0
DA:171,0
DA:173,0
BRDA:173,10,0,-
DA:174,0
DA:175,0
DA:176,0
DA:177,0
BRDA:177,11,0,-
DA:178,0
DA:183,0
FNF:10
FNH:0
LF:65
LH:0
BRF:18
BRH:0
end_of_record
TN:
SF:src/TelcoinBridge.sol
DA:34,57
FN:34,TelcoinBridge.constructor
FNDA:57,TelcoinBridge.constructor
DA:39,57
BRDA:39,0,0,1
DA:40,56
DA:53,111
FN:53,TelcoinBridge.bridge
FNDA:111,TelcoinBridge.bridge
DA:59,110
BRDA:59,1,0,1
DA:60,109
BRDA:60,2,0,1
DA:63,108
DA:66,107
DA:69,107
DA:77,106
DA:88,110
FN:88,TelcoinBridge.quote
FNDA:110,TelcoinBridge.quote
DA:94,110
DA:95,110
DA:104,106
FN:104,TelcoinBridge._lzReceive
FNDA:106,TelcoinBridge._lzReceive
DA:112,105
DA:115,105
DA:117,105
DA:127,4
FN:127,TelcoinBridge.rescueTokens
FNDA:4,TelcoinBridge.rescueTokens
DA:128,3
BRDA:128,3,0,1
DA:129,2
BRDA:129,4,0,1
DA:131,1
DA:137,6
FN:137,TelcoinBridge.pause
FNDA:6,TelcoinBridge.pause
DA:138,5
DA:144,2
FN:144,TelcoinBridge.unpause
FNDA:2,TelcoinBridge.unpause
DA:145,1
FNF:7
FNH:7
LF:25
LH:25
BRF:5
BRH:5
end_of_record
TN:
SF:src/TelcoinV3.sol
DA:25,94
FN:25,TelcoinV3.constructor
FNDA:94,TelcoinV3.constructor
DA:26,94
BRDA:26,0,0,-
DA:27,94
DA:28,94
DA:36,1497
FN:36,TelcoinV3.mint
FNDA:1497,TelcoinV3.mint
DA:37,1496
DA:41,111
FN:41,TelcoinV3.burn
FNDA:111,TelcoinV3.burn
DA:42,109
DA:46,5
FN:46,TelcoinV3.pause
FNDA:5,TelcoinV3.pause
DA:47,4
DA:51,2
FN:51,TelcoinV3.unpause
FNDA:2,TelcoinV3.unpause
DA:52,2
DA:60,1757
FN:60,TelcoinV3._update
FNDA:1757,TelcoinV3._update
DA:61,1757
BRDA:61,1,0,1
DA:62,1
DA:64,1756
FNF:6
FNH:6
LF:16
LH:16
BRF:2
BRH:1
end_of_record
TN:
SF:src/TokenMigration.sol
DA:55,31
FN:55,TokenMigration.constructor
FNDA:31,TokenMigration.constructor
DA:56,31
BRDA:56,0,0,-
DA:57,31
BRDA:57,1,0,-
DA:59,31
DA:60,31
DA:62,31
DA:70,1809
FN:70,TokenMigration.migrate
FNDA:1809,TokenMigration.migrate
DA:71,1489
BRDA:71,2,0,2
DA:73,1487
DA:74,1487
BRDA:74,3,0,101
DA:77,1386
DA:78,1386
DA:81,1386
DA:84,1385
DA:85,1385
DA:93,6
FN:93,TokenMigration.setMigrationExpiry
FNDA:6,TokenMigration.setMigrationExpiry
DA:94,5
BRDA:94,4,0,2
DA:95,3
DA:96,3
DA:106,109
FN:106,TokenMigration.recoverERC20
FNDA:109,TokenMigration.recoverERC20
DA:107,108
BRDA:107,5,0,3
DA:108,3
DA:112,105
DA:113,105
DA:114,105
BRDA:114,6,0,3
DA:117,102
DA:118,102
DA:124,321
FN:124,TokenMigration.pause
FNDA:321,TokenMigration.pause
DA:125,320
DA:131,321
FN:131,TokenMigration.unpause
FNDA:321,TokenMigration.unpause
DA:132,320
DA:141,103
FN:141,TokenMigration.getAmountOut
FNDA:103,TokenMigration.getAmountOut
DA:142,1489
FNF:7
FNH:7
LF:33
LH:33
BRF:7
BRH:5
end_of_record
TN:
SF:src/legacy/Telcoin.sol
DA:9,0
FN:9,SafeMath.mul
FNDA:0,SafeMath.mul
DA:10,0
DA:11,0
DA:12,0
DA:15,0
FN:15,SafeMath.div
FNDA:0,SafeMath.div
DA:17,0
DA:19,0
DA:22,0
FN:22,SafeMath.sub
FNDA:0,SafeMath.sub
DA:23,0
DA:24,0
DA:27,0
FN:27,SafeMath.add
FNDA:0,SafeMath.add
DA:28,0
DA:29,0
DA:30,0
DA:56,0
FN:56,TelcoinV2.Telcoin
FNDA:0,TelcoinV2.Telcoin
DA:57,0
DA:58,0
DA:62,0
FN:62,TelcoinV2.balanceOf
FNDA:0,TelcoinV2.balanceOf
DA:63,0
DA:67,0
FN:67,TelcoinV2.transfer
FNDA:0,TelcoinV2.transfer
DA:68,0
BRDA:68,0,0,-
BRDA:68,0,1,-
DA:69,0
BRDA:69,1,0,-
BRDA:69,1,1,-
DA:72,0
DA:73,0
DA:74,0
DA:75,0
DA:79,0
FN:79,TelcoinV2.transferFrom
FNDA:0,TelcoinV2.transferFrom
DA:80,0
BRDA:80,2,0,-
BRDA:80,2,1,-
DA:81,0
BRDA:81,3,0,-
BRDA:81,3,1,-
DA:82,0
BRDA:82,4,0,-
BRDA:82,4,1,-
DA:84,0
DA:85,0
DA:86,0
DA:87,0
DA:88,0
DA:96,0
FN:96,TelcoinV2.approve
FNDA:0,TelcoinV2.approve
DA:97,0
DA:98,0
DA:99,0
DA:103,0
FN:103,TelcoinV2.allowance
FNDA:0,TelcoinV2.allowance
DA:104,0
DA:108,0
FN:108,TelcoinV2.increaseApproval
FNDA:0,TelcoinV2.increaseApproval
DA:109,0
DA:110,0
DA:111,0
DA:115,0
FN:115,TelcoinV2.decreaseApproval
FNDA:0,TelcoinV2.decreaseApproval
DA:116,0
DA:117,0
BRDA:117,5,0,-
BRDA:117,5,1,-
DA:118,0
DA:120,0
DA:122,0
DA:123,0
FNF:12
FNH:0
LF:52
LH:0
BRF:12
BRH:0
end_of_record
TN:
SF:test/bridge/BaseSetup.sol
DA:50,27
FN:50,BaseSetup.setUp
FNDA:27,BaseSetup.setUp
DA:52,27
DA:53,27
DA:56,27
DA:58,27
DA:59,27
DA:62,27
DA:67,27
DA:74,27
DA:75,27
DA:79,27
DA:80,27
DA:82,27
DA:83,27
DA:86,27
DA:87,27
DA:89,27
DA:92,27
DA:93,27
DA:100,164
FN:100,BaseSetup._addressToBytes32
FNDA:164,BaseSetup._addressToBytes32
DA:101,164
DA:104,110
FN:104,BaseSetup._createBasicOptions
FNDA:110,BaseSetup._createBasicOptions
DA:106,110
FNF:3
FNH:3
LF:23
LH:23
BRF:0
BRH:0
end_of_record
TN:
SF:test/migration/TokenMigrationFuzz.t.sol
DA:399,100
FN:399,MockERC20.constructor
FNDA:100,MockERC20.constructor
DA:400,100
DA:403,0
FN:403,MockERC20.decimals
FNDA:0,MockERC20.decimals
DA:404,0
DA:407,100
FN:407,MockERC20.mint
FNDA:100,MockERC20.mint
DA:408,100
FNF:3
FNH:2
LF:6
LH:4
BRF:0
BRH:0
end_of_record
TN:
SF:test/mocks/MockEndpoint.sol
DA:30,54
FN:30,MockEndpoint.constructor
FNDA:54,MockEndpoint.constructor
DA:31,54
DA:35,0
FN:35,MockEndpoint.connectEndpoint
FNDA:0,MockEndpoint.connectEndpoint
DA:36,0
DA:37,0
DA:40,57
FN:40,MockEndpoint.setDelegate
FNDA:57,MockEndpoint.setDelegate
DA:41,57
DA:44,110
FN:44,MockEndpoint.quote
FNDA:110,MockEndpoint.quote
DA:48,110
DA:51,106
FN:51,MockEndpoint.send
FNDA:106,MockEndpoint.send
DA:55,106
DA:56,106
DA:58,106
DA:64,106
DA:76,3
FN:76,MockEndpoint.deliverPacket
FNDA:3,MockEndpoint.deliverPacket
DA:84,3
DA:91,3
DA:101,3
BRDA:101,0,0,-
BRDA:101,0,1,3
DA:104,0
FN:104,MockEndpoint.lzToken
FNDA:0,MockEndpoint.lzToken
DA:105,0
FNF:7
FNH:5
LF:20
LH:15
BRF:2
BRH:1
end_of_record
TN:
SF:test/utils/Create3Utils.sol
DA:10,62
FN:10,Create3Utils.deploy
FNDA:62,Create3Utils.deploy
DA:14,62
DA:18,0
FN:18,Create3Utils.addressOf
FNDA:0,Create3Utils.addressOf
DA:19,0
FNF:2
FNH:1
LF:4
LH:2
BRF:0
BRH:0
end_of_record
